<?xml version="1.0" encoding="UTF-8"?>
<!-- Generated by org.testng.reporters.JUnitReportReporter -->
<testsuite hostname="DESKTOP-VG9MAAH" failures="0" tests="3" name="test.CartTest" time="48.363" errors="0" timestamp="2023-07-24T15:29:14 IST" skipped="0">
  <testcase classname="test.CartTest" name="verifylogin" time="10.769"/>
  <testcase classname="test.CartTest" name="verifyproduct" time="8.804"/>
  <testcase classname="test.CartTest" name="verifycart" time="28.790"/>
</testsuite> <!-- test.CartTest -->
