<?xml version="1.0" encoding="UTF-8"?>
<!-- Generated by org.testng.reporters.JUnitReportReporter -->
<testsuite hostname="DESKTOP-VG9MAAH" failures="0" tests="1" name="test.CreateTest" time="12.621" errors="0" timestamp="2023-07-24T15:29:14 IST" skipped="0">
  <testcase classname="test.CreateTest" name="verifycreate" time="12.621"/>
</testsuite> <!-- test.CreateTest -->
