<?xml version="1.0" encoding="UTF-8"?>
<!-- Generated by org.testng.reporters.JUnitReportReporter -->
<testsuite hostname="DESKTOP-VG9MAAH" failures="0" tests="2" name="test.ProductTest" time="11.723" errors="0" timestamp="2023-07-21T11:08:12 IST" skipped="0">
  <testcase classname="test.ProductTest" name="verifylogin" time="3.517"/>
  <testcase classname="test.ProductTest" name="verifyproduct" time="8.206"/>
</testsuite> <!-- test.ProductTest -->
