<?xml version="1.0" encoding="UTF-8"?>
<!-- Generated by org.testng.reporters.JUnitReportReporter -->
<testsuite hostname="DESKTOP-VG9MAAH" failures="0" tests="1" name="test.LoginTest" time="4.588" errors="0" timestamp="2023-07-21T01:14:31 IST" skipped="0">
  <testcase classname="test.LoginTest" name="verifylogin" time="4.588"/>
</testsuite> <!-- test.LoginTest -->
